[04:46:01] INFO === run_04_coates_sweep started ===
[04:46:01] INFO args: {'smoke': True, 'n_patches': 400000, 'batch_size': 250, 'n_jobs': 6, 'configs': 'default'}
[04:46:01] INFO [START] load train/test
[04:46:01] INFO [END]   load train/test  (0.2s)
[04:46:01] INFO train sub 45000  val 5000  test 10000
[04:46:01] INFO sweep: 1 configs x 2 C values = 2 experiments
[04:46:01] INFO --- config 1/1: {'K': 80, 'patch': 6, 'stride': 1, 'pool': 2} ---
[04:46:01] INFO [START] sample 20000 random patches (patch=6)
[04:46:01] INFO [END]   sample 20000 random patches (patch=6)  (0.0s)
[04:46:01] INFO [START] contrast normalize patches
[04:46:01] INFO [END]   contrast normalize patches  (0.0s)
[04:46:01] INFO [START] fit ZCA
[04:46:01] INFO [END]   fit ZCA  (0.1s)
[04:46:01] INFO [START] apply ZCA
[04:46:01] INFO [END]   apply ZCA  (0.0s)
[04:46:01] INFO [START] MiniBatchKMeans (K=80)
[04:46:02] INFO [END]   MiniBatchKMeans (K=80)  (0.7s)
[04:46:02] INFO saved dictionary sweep_dict_K80_P6_N20000.npz
[04:46:02] INFO [START] encode train (1500 imgs, K=80, patch=6)
[04:46:09] INFO [END]   encode train (1500 imgs, K=80, patch=6)  (6.8s)
[04:46:09] INFO saved features sweep_feat_train_K80_P6.npy shape (1500, 320)
[04:46:09] INFO [START] encode test (500 imgs, K=80, patch=6)
[04:46:10] INFO [END]   encode test (500 imgs, K=80, patch=6)  (1.0s)
[04:46:10] INFO saved features sweep_feat_test_K80_P6.npy shape (500, 320)
[04:46:10] INFO [START] LinearSVC C=0.01
[04:46:10] INFO [END]   LinearSVC C=0.01  (0.4s)
[04:46:10] INFO   K=80 patch=6 C=0.01  val=0.5133
[04:46:10] INFO [START] LinearSVC C=0.1
[04:46:11] INFO [END]   LinearSVC C=0.1  (0.5s)
[04:46:11] INFO   K=80 patch=6 C=0.1  val=0.5133
[04:46:11] INFO   [best for cfg] C=0.01 acc=0.5133
[04:46:11] INFO === sweep complete ===
[04:46:11] INFO Top 10 configs:
[04:46:11] INFO   K=80 patch=6 C=0.010  val=0.5133
[04:46:11] INFO   K=80 patch=6 C=0.100  val=0.5133
[04:46:11] INFO >>> BEST: K=80 patch=6 C=0.01  val=0.5133
[04:46:11] INFO loaded features sweep_feat_train_K80_P6.npy
[04:46:11] INFO loaded features sweep_feat_test_K80_P6.npy
[04:46:11] INFO [START] LinearSVC final fit on FULL (C=0.01)
[04:46:12] INFO [END]   LinearSVC final fit on FULL (C=0.01)  (0.5s)
[04:46:12] INFO [START] predict test
[04:46:12] INFO [END]   predict test  (0.0s)
[04:46:12] INFO Wrote submission to /home/yitongli/Courses/26spring/COMP3314/Assignment3/submissions/sub_run_04_coates_sweep.csv
[04:46:12] INFO Wrote checkpoint to /home/yitongli/Courses/26spring/COMP3314/Assignment3/checkpoints/run_04_coates_sweep.joblib
[04:46:12] INFO === run_04_coates_sweep done ===
[05:53:52] INFO === run_04_coates_sweep started ===
[05:53:52] INFO args: {'smoke': False, 'n_patches': 400000, 'batch_size': 300, 'n_jobs': 8, 'configs': 'default'}
[05:53:52] INFO [START] load train/test
[05:53:52] INFO [END]   load train/test  (0.4s)
[05:53:52] INFO train sub 45000  val 5000  test 10000
[05:53:52] INFO sweep: 5 configs x 6 C values = 30 experiments
[05:53:52] INFO --- config 1/5: {'K': 400, 'patch': 6, 'stride': 1, 'pool': 2} ---
[05:53:53] INFO [START] sample 400000 random patches (patch=6)
[05:53:53] INFO [END]   sample 400000 random patches (patch=6)  (0.5s)
[05:53:53] INFO [START] contrast normalize patches
[05:53:53] INFO [END]   contrast normalize patches  (0.3s)
[05:53:53] INFO [START] fit ZCA
[05:53:53] INFO [END]   fit ZCA  (0.1s)
[05:53:53] INFO [START] apply ZCA
[05:53:54] INFO [END]   apply ZCA  (0.1s)
[05:53:54] INFO [START] MiniBatchKMeans (K=400)
[05:53:57] INFO [END]   MiniBatchKMeans (K=400)  (3.1s)
[05:53:57] INFO saved dictionary sweep_dict_K400_P6_N400000.npz
[05:53:57] INFO [START] encode train (50000 imgs, K=400, patch=6)
[05:56:50] INFO [END]   encode train (50000 imgs, K=400, patch=6)  (173.8s)
[05:56:51] INFO saved features sweep_feat_train_K400_P6.npy shape (50000, 1600)
[05:56:51] INFO [START] encode test (10000 imgs, K=400, patch=6)
[05:57:28] INFO [END]   encode test (10000 imgs, K=400, patch=6)  (37.8s)
[05:57:28] INFO saved features sweep_feat_test_K400_P6.npy shape (10000, 1600)
[05:57:29] INFO [START] LinearSVC C=0.001
[06:02:43] INFO [END]   LinearSVC C=0.001  (314.0s)
[06:02:43] INFO   K=400 patch=6 C=0.001  val=0.7096
[06:02:43] INFO [START] LinearSVC C=0.003
[06:09:25] INFO [END]   LinearSVC C=0.003  (401.7s)
[06:09:25] INFO   K=400 patch=6 C=0.003  val=0.7254
[06:09:25] INFO [START] LinearSVC C=0.01
[06:18:31] INFO [END]   LinearSVC C=0.01  (546.3s)
[06:18:31] INFO   K=400 patch=6 C=0.01  val=0.7302
[06:18:31] INFO [START] LinearSVC C=0.03
[06:29:33] INFO [END]   LinearSVC C=0.03  (661.6s)
[06:29:33] INFO   K=400 patch=6 C=0.03  val=0.7328
[06:29:33] INFO [START] LinearSVC C=0.1
[06:44:39] INFO [END]   LinearSVC C=0.1  (906.1s)
[06:44:39] INFO   K=400 patch=6 C=0.1  val=0.7324
[06:44:39] INFO [START] LinearSVC C=0.3
[07:03:56] INFO [END]   LinearSVC C=0.3  (1156.8s)
[07:03:56] INFO   K=400 patch=6 C=0.3  val=0.7272
[07:03:56] INFO   [best for cfg] C=0.03 acc=0.7328
[07:03:58] INFO --- config 2/5: {'K': 800, 'patch': 6, 'stride': 1, 'pool': 2} ---
[07:04:01] INFO reusing legacy dictionary coates_dict_full.npz
[07:04:01] INFO reusing legacy features coates_feat_train_full_K800.npy
[07:04:02] INFO reusing legacy features coates_feat_test_full_K800.npy
[07:04:03] INFO [START] LinearSVC C=0.001
[07:15:52] INFO [END]   LinearSVC C=0.001  (708.2s)
[07:15:52] INFO   K=800 patch=6 C=0.001  val=0.7362
[07:15:52] INFO [START] LinearSVC C=0.003
[07:31:21] INFO [END]   LinearSVC C=0.003  (929.5s)
[07:31:21] INFO   K=800 patch=6 C=0.003  val=0.7510
[07:31:21] INFO [START] LinearSVC C=0.01
[07:49:11] INFO [END]   LinearSVC C=0.01  (1070.2s)
[07:49:11] INFO   K=800 patch=6 C=0.01  val=0.7544
[07:49:11] INFO [START] LinearSVC C=0.03
[08:13:14] INFO [END]   LinearSVC C=0.03  (1443.2s)
[08:13:14] INFO   K=800 patch=6 C=0.03  val=0.7472
[08:13:14] INFO [START] LinearSVC C=0.1
[08:39:56] INFO [END]   LinearSVC C=0.1  (1601.4s)
[08:39:56] INFO   K=800 patch=6 C=0.1  val=0.7348
[08:39:56] INFO [START] LinearSVC C=0.3
[09:15:20] INFO [END]   LinearSVC C=0.3  (2124.5s)
[09:15:20] INFO   K=800 patch=6 C=0.3  val=0.7224
[09:15:20] INFO   [best for cfg] C=0.01 acc=0.7544
[09:15:21] INFO --- config 3/5: {'K': 1600, 'patch': 6, 'stride': 1, 'pool': 2} ---
[09:15:21] INFO [START] sample 400000 random patches (patch=6)
[09:15:22] INFO [END]   sample 400000 random patches (patch=6)  (0.5s)
[09:15:22] INFO [START] contrast normalize patches
[09:15:22] INFO [END]   contrast normalize patches  (0.2s)
[09:15:22] INFO [START] fit ZCA
[09:15:22] INFO [END]   fit ZCA  (0.1s)
[09:15:22] INFO [START] apply ZCA
[09:15:22] INFO [END]   apply ZCA  (0.2s)
[09:15:22] INFO [START] MiniBatchKMeans (K=1600)
[09:15:36] INFO [END]   MiniBatchKMeans (K=1600)  (14.4s)
[09:15:36] INFO saved dictionary sweep_dict_K1600_P6_N400000.npz
[09:15:36] INFO [START] encode train (50000 imgs, K=1600, patch=6)
[09:23:43] INFO [END]   encode train (50000 imgs, K=1600, patch=6)  (486.7s)
[09:23:45] INFO saved features sweep_feat_train_K1600_P6.npy shape (50000, 6400)
[09:23:45] INFO [START] encode test (10000 imgs, K=1600, patch=6)
[09:25:24] INFO [END]   encode test (10000 imgs, K=1600, patch=6)  (98.9s)
[09:25:24] INFO saved features sweep_feat_test_K1600_P6.npy shape (10000, 6400)
[09:25:28] INFO [START] LinearSVC C=0.001
[09:48:35] INFO [END]   LinearSVC C=0.001  (1386.2s)
[09:48:35] INFO   K=1600 patch=6 C=0.001  val=0.7554
[09:48:35] INFO [START] LinearSVC C=0.003
