[17:11:11] INFO === run_17_power_norm started ===
[17:11:11] INFO [START] load data
[17:11:11] INFO [END]   load data  (0.1s)
[17:11:11] INFO loaded dict run07_dict_K8000_P6_N1000000.npz
[17:11:12] INFO [START] encode aug-train (90k)
[17:12:39] INFO [END]   encode aug-train (90k)  (87.0s)
[17:12:39] INFO [START] encode val (5k)
[17:12:44] INFO [END]   encode val (5k)  (5.0s)
[17:12:44] INFO   F_tr (90000, 32000)  F_val (5000, 32000)
[17:12:44] INFO 
=== A: baseline (StandardScaler only) ===
[2026-04-12 17:14:07.942] [CUML] [warning] L-BFGS stopped, because the line search failed to advance (step delta = 0.000000)
[2026-04-12 17:14:31.058] [CUML] [warning] L-BFGS stopped, because the line search failed to advance (step delta = 0.000000)
[2026-04-12 17:15:24.453] [CUML] [warning] L-BFGS stopped, because the line search failed to advance (step delta = 0.000000)
[17:15:44] INFO   baseline C=0.0010  val=0.8088  (119.2s)
[17:18:09] INFO   baseline C=0.0020  val=0.8118  (144.9s)
[2026-04-12 17:20:47.303] [CUML] [warning] L-BFGS stopped, because the line search failed to advance (step delta = 0.000000)
[17:21:01] INFO   baseline C=0.0030  val=0.8114  (171.3s)
[2026-04-12 17:21:32.986] [CUML] [warning] L-BFGS stopped, because the line search failed to advance (step delta = 0.000000)
[2026-04-12 17:22:55.896] [CUML] [warning] L-BFGS stopped, because the line search failed to advance (step delta = 0.000000)
[17:24:26] INFO   baseline C=0.0050  val=0.8068  (205.6s)
[17:24:27] INFO 
=== B: power_norm + StandardScaler ===
[2026-04-12 17:26:40.097] [CUML] [warning] L-BFGS stopped, because the line search failed to advance (step delta = 0.000000)
[2026-04-12 17:27:10.332] [CUML] [warning] L-BFGS stopped, because the line search failed to advance (step delta = 0.000000)
[2026-04-12 17:27:22.131] [CUML] [warning] L-BFGS stopped, because the line search failed to advance (step delta = 0.000000)
[17:28:05] INFO   pnorm C=0.0010  val=0.8112  (128.7s)
[17:30:33] INFO   pnorm C=0.0020  val=0.8136  (148.1s)
[2026-04-12 17:30:52.203] [CUML] [warning] L-BFGS stopped, because the line search failed to advance (step delta = 0.000000)
[2026-04-12 17:32:07.509] [CUML] [warning] L-BFGS stopped, because the line search failed to advance (step delta = 0.000000)
[2026-04-12 17:32:35.036] [CUML] [warning] L-BFGS stopped, because the line search failed to advance (step delta = 0.000000)
[17:33:22] INFO   pnorm C=0.0030  val=0.8110  (168.8s)
[2026-04-12 17:34:19.956] [CUML] [warning] L-BFGS stopped, because the line search failed to advance (step delta = 0.000000)
[2026-04-12 17:34:44.429] [CUML] [warning] L-BFGS stopped, because the line search failed to advance (step delta = 0.000000)
[2026-04-12 17:35:25.842] [CUML] [warning] L-BFGS stopped, because the line search failed to advance (step delta = 0.000000)
[2026-04-12 17:36:17.288] [CUML] [warning] L-BFGS stopped, because the line search failed to advance (step delta = 0.000000)
[17:36:30] INFO   pnorm C=0.0050  val=0.8110  (188.4s)
[17:36:31] INFO 
=== C: power_norm + L2_norm + StandardScaler ===
[2026-04-12 17:38:49.273] [CUML] [warning] L-BFGS stopped, because the line search failed to advance (step delta = 0.000000)
[2026-04-12 17:39:02.267] [CUML] [warning] L-BFGS stopped, because the line search failed to advance (step delta = 0.000000)
[2026-04-12 17:39:43.286] [CUML] [warning] L-BFGS stopped, because the line search failed to advance (step delta = 0.000000)
[17:39:52] INFO   pnorm+L2 C=0.0010  val=0.8110  (117.1s)
[2026-04-12 17:40:11.658] [CUML] [warning] L-BFGS stopped, because the line search failed to advance (step delta = 0.000000)
[2026-04-12 17:40:38.806] [CUML] [warning] L-BFGS stopped, because the line search failed to advance (step delta = 0.000000)
[2026-04-12 17:40:53.983] [CUML] [warning] L-BFGS stopped, because the line search failed to advance (step delta = 0.000000)
[2026-04-12 17:41:11.032] [CUML] [warning] L-BFGS stopped, because the line search failed to advance (step delta = 0.000000)
[2026-04-12 17:42:16.971] [CUML] [warning] L-BFGS stopped, because the line search failed to advance (step delta = 0.000000)
[17:42:17] INFO   pnorm+L2 C=0.0020  val=0.8126  (145.1s)
[2026-04-12 17:42:42.454] [CUML] [warning] L-BFGS stopped, because the line search failed to advance (step delta = 0.000000)
[17:45:16] INFO   pnorm+L2 C=0.0030  val=0.8124  (178.7s)
[2026-04-12 17:45:45.722] [CUML] [warning] L-BFGS stopped, because the line search failed to advance (step delta = 0.000000)
[17:48:38] INFO   pnorm+L2 C=0.0050  val=0.8098  (202.6s)
[17:48:39] INFO 
=== Summary ===
[17:48:39] INFO   pnorm best: C=0.002 val=0.8136
[17:48:39] INFO   pnorm+L2 best: C=0.002 val=0.8126
[17:48:39] INFO 
--- Full refit: pnorm C=0.002 ---
[17:48:39] INFO [START] encode full-aug (100k)
[17:50:19] INFO [END]   encode full-aug (100k)  (99.6s)
